2025-07-06 01:29:55,565 - universal-connectivity-py-peer - INFO - Starting Universal Connectivity Python Peer...
2025-07-06 01:29:56,101 - universal-connectivity-py-peer - INFO - Using port: 33943
2025-07-06 01:29:56,116 - universal-connectivity-py-peer - INFO - Host created with PeerID: Qmd89rxZm8kTLMqNsr3yEPdG8d5EuiDQRTJfyNXnWU6bpi
2025-07-06 01:29:56,117 - universal-connectivity-py-peer - INFO - Listening on: /ip4/0.0.0.0/tcp/33943
2025-07-06 01:29:56,117 - universal-connectivity-py-peer - INFO - Full multiaddr: /ip4/0.0.0.0/tcp/33943/p2p/Qmd89rxZm8kTLMqNsr3yEPdG8d5EuiDQRTJfyNXnWU6bpi
2025-07-06 01:29:56,119 - universal-connectivity-py-peer - INFO - Initializing PubSub and GossipSub...
2025-07-06 01:29:56,119 - universal-connectivity-py-peer - INFO - Pubsub and GossipSub services started.
2025-07-06 01:29:56,119 - universal-connectivity-py-peer - INFO - Pubsub ready.
2025-07-06 01:29:56,119 - chatroom - INFO - ChatRoom initialized for peer Qmd89rxZ... with nickname 's2'
2025-07-06 01:29:56,119 - chatroom - INFO - Subscribed to chat topic: universal-connectivity
2025-07-06 01:29:56,120 - chatroom - INFO - Subscribed to discovery topic: universal-connectivity-browser-peer-discovery
2025-07-06 01:29:56,120 - universal-connectivity-py-peer - INFO - Joined chat room as 's2'
2025-07-06 01:29:56,126 - ui - INFO - ChatUI initialized for peer Qmd89rxZ...
2025-07-06 01:29:56,127 - ui - INFO - Starting background chat handlers...
2025-07-06 01:29:56,627 - ui - INFO - 🚀 Starting UI in main thread...
2025-07-06 01:30:22,867 - universal-connectivity-py-peer - INFO - Starting Universal Connectivity Python Peer...
2025-07-06 01:30:23,144 - universal-connectivity-py-peer - INFO - Using port: 49971
2025-07-06 01:30:23,160 - universal-connectivity-py-peer - INFO - Host created with PeerID: QmTGcuHiJga4E6evF6XtF3UXaBfcfZePraao4SXdTLVT9u
2025-07-06 01:30:23,161 - universal-connectivity-py-peer - INFO - Listening on: /ip4/0.0.0.0/tcp/49971
2025-07-06 01:30:23,161 - universal-connectivity-py-peer - INFO - Full multiaddr: /ip4/0.0.0.0/tcp/49971/p2p/QmTGcuHiJga4E6evF6XtF3UXaBfcfZePraao4SXdTLVT9u
2025-07-06 01:30:23,162 - universal-connectivity-py-peer - INFO - Initializing PubSub and GossipSub...
2025-07-06 01:30:23,163 - universal-connectivity-py-peer - INFO - Pubsub and GossipSub services started.
2025-07-06 01:30:23,163 - universal-connectivity-py-peer - INFO - Pubsub ready.
2025-07-06 01:30:23,163 - universal-connectivity-py-peer - INFO - Attempting to connect to: /ip4/0.0.0.0/tcp/33943/p2p/Qmd89rxZm8kTLMqNsr3yEPdG8d5EuiDQRTJfyNXnWU6bpi
2025-07-06 01:30:23,164 - universal-connectivity-py-peer - INFO - Connecting to peer: Qmd89rxZm8kTLMqNsr3yEPdG8d5EuiDQRTJfyNXnWU6bpi
2025-07-06 01:32:02,818 - universal-connectivity-py-peer - INFO - Starting Universal Connectivity Python Peer...
2025-07-06 01:32:02,951 - universal-connectivity-py-peer - INFO - Using port: 9002
2025-07-06 01:32:02,968 - universal-connectivity-py-peer - INFO - Host created with PeerID: QmY7C3m2dqSTmtoQ69DeSfmzz8nYdRos1JDMgxE8PXLm71
2025-07-06 01:32:02,968 - universal-connectivity-py-peer - INFO - Listening on: /ip4/0.0.0.0/tcp/9002
2025-07-06 01:32:02,968 - universal-connectivity-py-peer - INFO - Full multiaddr: /ip4/0.0.0.0/tcp/9002/p2p/QmY7C3m2dqSTmtoQ69DeSfmzz8nYdRos1JDMgxE8PXLm71
2025-07-06 01:32:02,970 - universal-connectivity-py-peer - INFO - Initializing PubSub and GossipSub...
2025-07-06 01:32:02,971 - universal-connectivity-py-peer - INFO - Pubsub and GossipSub services started.
2025-07-06 01:32:02,971 - universal-connectivity-py-peer - INFO - Pubsub ready.
2025-07-06 01:32:02,971 - chatroom - INFO - ChatRoom initialized for peer QmY7C3m2... with nickname 'Sumanjeet'
2025-07-06 01:32:02,971 - chatroom - INFO - Subscribed to chat topic: universal-connectivity
2025-07-06 01:32:02,971 - chatroom - INFO - Subscribed to discovery topic: universal-connectivity-browser-peer-discovery
2025-07-06 01:32:02,971 - universal-connectivity-py-peer - INFO - Joined chat room as 'Sumanjeet'
2025-07-06 01:32:02,971 - universal-connectivity-py-peer - INFO - Running in headless mode. Press Ctrl+C to exit.
2025-07-06 01:32:26,650 - universal-connectivity-py-peer - INFO - Starting Universal Connectivity Python Peer...
2025-07-06 01:32:26,810 - universal-connectivity-py-peer - INFO - Using port: 53151
2025-07-06 01:32:26,827 - universal-connectivity-py-peer - INFO - Host created with PeerID: QmTby8q2wLrLvw1KomX1fsC3Cu881pLkauPxr38MSPBv4i
2025-07-06 01:32:26,827 - universal-connectivity-py-peer - INFO - Listening on: /ip4/0.0.0.0/tcp/53151
2025-07-06 01:32:26,827 - universal-connectivity-py-peer - INFO - Full multiaddr: /ip4/0.0.0.0/tcp/53151/p2p/QmTby8q2wLrLvw1KomX1fsC3Cu881pLkauPxr38MSPBv4i
2025-07-06 01:32:26,829 - universal-connectivity-py-peer - INFO - Initializing PubSub and GossipSub...
2025-07-06 01:32:26,830 - universal-connectivity-py-peer - INFO - Pubsub and GossipSub services started.
2025-07-06 01:32:26,830 - universal-connectivity-py-peer - INFO - Pubsub ready.
2025-07-06 01:32:26,830 - universal-connectivity-py-peer - INFO - Attempting to connect to: /ip4/0.0.0.0/tcp/9002/p2p/QmY7C3m2dqSTmtoQ69DeSfmzz8nYdRos1JDMgxE8PXLm71
2025-07-06 01:32:26,830 - universal-connectivity-py-peer - INFO - Connecting to peer: QmY7C3m2dqSTmtoQ69DeSfmzz8nYdRos1JDMgxE8PXLm71
2025-07-06 01:32:26,884 - universal-connectivity-py-peer - INFO - ✅ Successfully connected to peer: QmY7C3m2dqSTmtoQ69DeSfmzz8nYdRos1JDMgxE8PXLm71
2025-07-06 01:32:28,887 - universal-connectivity-py-peer - INFO - PubSub peers after connection: ['QmY7C3m2']
2025-07-06 01:32:28,888 - chatroom - INFO - ChatRoom initialized for peer QmTby8q2... with nickname 'S1'
2025-07-06 01:32:28,889 - chatroom - INFO - Subscribed to chat topic: universal-connectivity
2025-07-06 01:32:28,890 - chatroom - INFO - Subscribed to discovery topic: universal-connectivity-browser-peer-discovery
2025-07-06 01:32:28,890 - universal-connectivity-py-peer - INFO - Joined chat room as 'S1'
2025-07-06 01:32:28,897 - ui - INFO - ChatUI initialized for peer QmTby8q2...
2025-07-06 01:32:28,897 - ui - INFO - Starting background chat handlers...
2025-07-06 01:32:29,397 - ui - INFO - 🚀 Starting UI in main thread...
2025-07-06 01:33:40,681 - universal-connectivity-py-peer - INFO - Starting Universal Connectivity Python Peer...
2025-07-06 01:33:40,901 - universal-connectivity-py-peer - INFO - Using port: 57845
2025-07-06 01:33:40,917 - universal-connectivity-py-peer - INFO - Host created with PeerID: QmPibz35CF84RvkQEU7xskjmDjLrbZ5CYeddVhSJwaC7qp
2025-07-06 01:33:40,917 - universal-connectivity-py-peer - INFO - Listening on: /ip4/0.0.0.0/tcp/57845
2025-07-06 01:33:40,917 - universal-connectivity-py-peer - INFO - Full multiaddr: /ip4/0.0.0.0/tcp/57845/p2p/QmPibz35CF84RvkQEU7xskjmDjLrbZ5CYeddVhSJwaC7qp
2025-07-06 01:33:40,918 - universal-connectivity-py-peer - INFO - Initializing PubSub and GossipSub...
2025-07-06 01:33:40,919 - universal-connectivity-py-peer - INFO - Pubsub and GossipSub services started.
2025-07-06 01:33:40,919 - universal-connectivity-py-peer - INFO - Pubsub ready.
2025-07-06 01:33:40,919 - universal-connectivity-py-peer - INFO - Attempting to connect to: /ip4/0.0.0.0/tcp/53151/p2p/QmTby8q2wLrLvw1KomX1fsC3Cu881pLkauPxr38MSPBv4i
2025-07-06 01:33:40,920 - universal-connectivity-py-peer - INFO - Connecting to peer: QmTby8q2wLrLvw1KomX1fsC3Cu881pLkauPxr38MSPBv4i
2025-07-06 22:58:38,474 - universal-connectivity-py-peer - INFO - Starting Universal Connectivity Python Peer...
2025-07-06 22:58:38,891 - universal-connectivity-py-peer - INFO - Using port: 53583
2025-07-06 22:58:38,911 - universal-connectivity-py-peer - INFO - Host created with PeerID: QmZcaLaX3TTegy8DuGUimA2jctxQ3mnHKrzC5aEzYLxQeK
2025-07-06 22:58:38,911 - universal-connectivity-py-peer - INFO - Listening on: /ip4/0.0.0.0/tcp/53583
2025-07-06 22:58:38,911 - universal-connectivity-py-peer - INFO - Full multiaddr: /ip4/0.0.0.0/tcp/53583/p2p/QmZcaLaX3TTegy8DuGUimA2jctxQ3mnHKrzC5aEzYLxQeK
2025-07-06 22:58:38,914 - universal-connectivity-py-peer - INFO - Initializing PubSub and GossipSub...
2025-07-06 22:58:38,914 - universal-connectivity-py-peer - INFO - Pubsub and GossipSub services started.
2025-07-06 22:58:38,914 - universal-connectivity-py-peer - INFO - Pubsub ready.
2025-07-06 22:58:38,914 - chatroom - INFO - ChatRoom initialized for peer QmZcaLaX... with nickname 'peer-QmZcaLaX'
2025-07-06 22:58:38,915 - chatroom - INFO - Subscribed to chat topic: universal-connectivity
2025-07-06 22:58:38,915 - chatroom - INFO - Subscribed to discovery topic: universal-connectivity-browser-peer-discovery
2025-07-06 22:58:38,915 - universal-connectivity-py-peer - INFO - Joined chat room as 'peer-QmZcaLaX'
2025-07-06 22:58:38,915 - universal-connectivity-py-peer - INFO - Running in headless mode. Press Ctrl+C to exit.
2025-07-06 22:59:05,879 - universal-connectivity-py-peer - INFO - Starting Universal Connectivity Python Peer...
2025-07-06 22:59:06,150 - universal-connectivity-py-peer - INFO - Using port: 44811
2025-07-06 22:59:06,167 - universal-connectivity-py-peer - INFO - Host created with PeerID: QmPN85AqEMgGpq1ZHuMpkoqo9sjwv7bsmfn3pwx2EqDjfr
2025-07-06 22:59:06,167 - universal-connectivity-py-peer - INFO - Listening on: /ip4/0.0.0.0/tcp/44811
2025-07-06 22:59:06,167 - universal-connectivity-py-peer - INFO - Full multiaddr: /ip4/0.0.0.0/tcp/44811/p2p/QmPN85AqEMgGpq1ZHuMpkoqo9sjwv7bsmfn3pwx2EqDjfr
2025-07-06 22:59:06,169 - universal-connectivity-py-peer - INFO - Initializing PubSub and GossipSub...
2025-07-06 22:59:06,170 - universal-connectivity-py-peer - INFO - Pubsub and GossipSub services started.
2025-07-06 22:59:06,170 - universal-connectivity-py-peer - INFO - Pubsub ready.
2025-07-06 22:59:06,170 - universal-connectivity-py-peer - INFO - Attempting to connect to: /ip4/0.0.0.0/tcp/53583/p2p/QmZcaLaX3TTegy8DuGUimA2jctxQ3mnHKrzC5aEzYLxQeK
2025-07-06 22:59:06,170 - universal-connectivity-py-peer - INFO - Connecting to peer: QmZcaLaX3TTegy8DuGUimA2jctxQ3mnHKrzC5aEzYLxQeK
2025-07-06 22:59:06,221 - universal-connectivity-py-peer - INFO - ✅ Successfully connected to peer: QmZcaLaX3TTegy8DuGUimA2jctxQ3mnHKrzC5aEzYLxQeK
2025-07-06 22:59:08,224 - universal-connectivity-py-peer - INFO - PubSub peers after connection: ['QmZcaLaX']
2025-07-06 22:59:08,224 - chatroom - INFO - ChatRoom initialized for peer QmPN85Aq... with nickname 'peer-QmPN85Aq'
2025-07-06 22:59:08,226 - chatroom - INFO - Subscribed to chat topic: universal-connectivity
2025-07-06 22:59:08,227 - chatroom - INFO - Subscribed to discovery topic: universal-connectivity-browser-peer-discovery
2025-07-06 22:59:08,227 - universal-connectivity-py-peer - INFO - Joined chat room as 'peer-QmPN85Aq'
2025-07-06 22:59:08,227 - universal-connectivity-py-peer - INFO - Running in headless mode. Press Ctrl+C to exit.
2025-07-06 22:59:35,979 - universal-connectivity-py-peer - INFO - Shutting down...
2025-07-06 22:59:35,981 - root - ERROR - Error in handle_incoming for peer QmPN85AqEMgGpq1ZHuMpkoqo9sjwv7bsmfn3pwx2EqDjfr: RawConnError: 
2025-07-06 22:59:35,982 - root - INFO - Stream closed cleanly for peer QmZcaLaX3TTegy8DuGUimA2jctxQ3mnHKrzC5aEzYLxQeK (IncompleteReadError: {'requested_count': 2, 'received_count': 0})
2025-07-06 22:59:38,203 - universal-connectivity-py-peer - INFO - Shutting down...
2025-07-07 22:19:47,978 - universal-connectivity-py-peer - INFO - Starting Universal Connectivity Python Peer...
2025-07-07 22:19:48,079 - universal-connectivity-py-peer - INFO - Using port: 54071
2025-07-07 22:19:48,100 - universal-connectivity-py-peer - INFO - Host created with PeerID: QmRQTzueNxajwPhPKeBx5vceuUbn3SA4ausqzQdPs9DVcc
2025-07-07 22:19:48,100 - universal-connectivity-py-peer - INFO - Listening on: /ip4/0.0.0.0/tcp/54071
2025-07-07 22:19:48,100 - universal-connectivity-py-peer - INFO - Full multiaddr: /ip4/0.0.0.0/tcp/54071/p2p/QmRQTzueNxajwPhPKeBx5vceuUbn3SA4ausqzQdPs9DVcc
2025-07-07 22:19:48,102 - universal-connectivity-py-peer - INFO - Initializing PubSub and GossipSub...
2025-07-07 22:19:48,102 - universal-connectivity-py-peer - INFO - Pubsub and GossipSub services started.
2025-07-07 22:19:48,102 - universal-connectivity-py-peer - INFO - Pubsub ready.
2025-07-07 22:19:48,102 - chatroom - INFO - ChatRoom initialized for peer QmRQTzue... with nickname 'peer-QmRQTzue'
2025-07-07 22:19:48,103 - chatroom - INFO - Subscribed to chat topic: universal-connectivity
2025-07-07 22:19:48,103 - chatroom - INFO - Subscribed to discovery topic: universal-connectivity-browser-peer-discovery
2025-07-07 22:19:48,103 - universal-connectivity-py-peer - INFO - Joined chat room as 'peer-QmRQTzue'
2025-07-07 22:19:48,110 - ui - INFO - ChatUI initialized for peer QmRQTzue...
2025-07-07 22:20:15,863 - universal-connectivity-py-peer - INFO - Starting Universal Connectivity Python Peer...
2025-07-07 22:20:16,168 - universal-connectivity-py-peer - INFO - Using port: 39657
2025-07-07 22:20:16,185 - universal-connectivity-py-peer - INFO - Host created with PeerID: QmWo6M19WAsxmLbAS9bDYLXoe1833twjdpc5PBoD9umTyG
2025-07-07 22:20:16,185 - universal-connectivity-py-peer - INFO - Listening on: /ip4/0.0.0.0/tcp/39657
2025-07-07 22:20:16,185 - universal-connectivity-py-peer - INFO - Full multiaddr: /ip4/0.0.0.0/tcp/39657/p2p/QmWo6M19WAsxmLbAS9bDYLXoe1833twjdpc5PBoD9umTyG
2025-07-07 22:20:16,187 - universal-connectivity-py-peer - INFO - Initializing PubSub and GossipSub...
2025-07-07 22:20:16,187 - universal-connectivity-py-peer - INFO - Pubsub and GossipSub services started.
2025-07-07 22:20:16,187 - universal-connectivity-py-peer - INFO - Pubsub ready.
2025-07-07 22:20:16,187 - chatroom - INFO - ChatRoom initialized for peer QmWo6M19... with nickname 'peer-QmWo6M19'
2025-07-07 22:20:16,187 - chatroom - INFO - Subscribed to chat topic: universal-connectivity
2025-07-07 22:20:16,188 - chatroom - INFO - Subscribed to discovery topic: universal-connectivity-browser-peer-discovery
2025-07-07 22:20:16,188 - universal-connectivity-py-peer - INFO - Joined chat room as 'peer-QmWo6M19'
2025-07-07 22:20:16,194 - ui - INFO - ChatUI initialized for peer QmWo6M19...
2025-07-07 22:21:50,472 - universal-connectivity-py-peer - INFO - Starting Universal Connectivity Python Peer...
2025-07-07 22:21:50,969 - universal-connectivity-py-peer - INFO - Using port: 59895
2025-07-07 22:21:50,986 - universal-connectivity-py-peer - INFO - Host created with PeerID: QmR5TLbQrpK15VQ7NdbSrtK4ARu5sToPTyi3mKt5zCiGTS
2025-07-07 22:21:50,986 - universal-connectivity-py-peer - INFO - Listening on: /ip4/0.0.0.0/tcp/59895
2025-07-07 22:21:50,986 - universal-connectivity-py-peer - INFO - Full multiaddr: /ip4/0.0.0.0/tcp/59895/p2p/QmR5TLbQrpK15VQ7NdbSrtK4ARu5sToPTyi3mKt5zCiGTS
2025-07-07 22:21:50,988 - universal-connectivity-py-peer - INFO - Initializing PubSub and GossipSub...
2025-07-07 22:21:50,988 - universal-connectivity-py-peer - INFO - Pubsub and GossipSub services started.
2025-07-07 22:21:50,988 - universal-connectivity-py-peer - INFO - Pubsub ready.
2025-07-07 22:21:50,988 - universal-connectivity-py-peer - INFO - Attempting to connect to: /ip4/0.0.0.0/tcp/54071/p2p/QmRQTzueNxajwPhPKeBx5vceuUbn3SA4ausqzQdPs9DVcc
2025-07-07 22:21:50,989 - universal-connectivity-py-peer - INFO - Connecting to peer: QmRQTzueNxajwPhPKeBx5vceuUbn3SA4ausqzQdPs9DVcc
2025-07-07 22:21:51,042 - universal-connectivity-py-peer - INFO - ✅ Successfully connected to peer: QmRQTzueNxajwPhPKeBx5vceuUbn3SA4ausqzQdPs9DVcc
2025-07-07 22:21:53,044 - universal-connectivity-py-peer - INFO - PubSub peers after connection: ['QmRQTzue']
2025-07-07 22:21:53,044 - chatroom - INFO - ChatRoom initialized for peer QmR5TLbQ... with nickname 'peer-QmR5TLbQ'
2025-07-07 22:21:53,044 - chatroom - INFO - Subscribed to chat topic: universal-connectivity
2025-07-07 22:21:53,045 - chatroom - INFO - Subscribed to discovery topic: universal-connectivity-browser-peer-discovery
2025-07-07 22:21:53,045 - universal-connectivity-py-peer - INFO - Joined chat room as 'peer-QmR5TLbQ'
2025-07-07 22:21:53,050 - ui - INFO - ChatUI initialized for peer QmR5TLbQ...
2025-07-07 22:22:58,460 - universal-connectivity-py-peer - INFO - Starting Universal Connectivity Python Peer...
2025-07-07 22:22:58,562 - universal-connectivity-py-peer - INFO - Using port: 40381
2025-07-07 22:22:58,580 - universal-connectivity-py-peer - INFO - Host created with PeerID: QmWu1tnvZNaZaC4v1VfTT9KA8DmUGv4rRWobsZFjnGEorW
2025-07-07 22:22:58,580 - universal-connectivity-py-peer - INFO - Listening on: /ip4/0.0.0.0/tcp/40381
2025-07-07 22:22:58,580 - universal-connectivity-py-peer - INFO - Full multiaddr: /ip4/0.0.0.0/tcp/40381/p2p/QmWu1tnvZNaZaC4v1VfTT9KA8DmUGv4rRWobsZFjnGEorW
2025-07-07 22:22:58,582 - universal-connectivity-py-peer - INFO - Initializing PubSub and GossipSub...
2025-07-07 22:22:58,583 - universal-connectivity-py-peer - INFO - Pubsub and GossipSub services started.
2025-07-07 22:22:58,583 - universal-connectivity-py-peer - INFO - Pubsub ready.
2025-07-07 22:22:58,583 - universal-connectivity-py-peer - INFO - Attempting to connect to: /ip4/0.0.0.0/tcp/54071/p2p/QmRQTzueNxajwPhPKeBx5vceuUbn3SA4ausqzQdPs9DVcc
2025-07-07 22:22:58,584 - universal-connectivity-py-peer - INFO - Connecting to peer: QmRQTzueNxajwPhPKeBx5vceuUbn3SA4ausqzQdPs9DVcc
2025-07-07 22:22:58,613 - universal-connectivity-py-peer - INFO - ✅ Successfully connected to peer: QmRQTzueNxajwPhPKeBx5vceuUbn3SA4ausqzQdPs9DVcc
2025-07-07 22:23:00,616 - universal-connectivity-py-peer - INFO - PubSub peers after connection: ['QmRQTzue']
2025-07-07 22:23:00,616 - chatroom - INFO - ChatRoom initialized for peer QmWu1tnv... with nickname 'peer-QmWu1tnv'
2025-07-07 22:23:00,618 - chatroom - INFO - Subscribed to chat topic: universal-connectivity
2025-07-07 22:23:00,619 - chatroom - INFO - Subscribed to discovery topic: universal-connectivity-browser-peer-discovery
2025-07-07 22:23:00,619 - universal-connectivity-py-peer - INFO - Joined chat room as 'peer-QmWu1tnv'
2025-07-07 22:23:00,624 - ui - INFO - ChatUI initialized for peer QmWu1tnv...
